2026-04-05 21:05:56 | INFO     | 🚀 Quora Worker v6.0 'Ghost Protocol' [FINAL] initializing...
2026-04-05 21:05:56 | ERROR    | ✗ Tor pre-flight check FAILED:
2026-04-05 21:05:56 | ERROR    |   • Control:9051 - [Errno 61] Connection refused
2026-04-05 21:05:56 | ERROR    | 
🔧 FIX: Start Tor with your config:
2026-04-05 21:05:56 | ERROR    |    tor -f ~/.tor/torrc &
2026-04-05 21:10:04 | INFO     | 🚀 Quora Worker v6.0 'Ghost Protocol' [FINAL] initializing...
2026-04-05 21:10:05 | INFO     | 🛡️  Tor operational | Initial Exit IP: verifying...
2026-04-05 21:10:05 | INFO     | 🔐 Stealth session: Tor proxy=socks5://127.0.0.1:9050 | impersonate=chrome120
2026-04-05 21:10:05 | INFO     | 📋 Processing 140 high-intent keywords...
2026-04-05 21:10:05 | INFO     | 🔄 [1/140] 'what is schufa selbstauskunft' | Signals: 0 | Rate: 0.0/min
2026-04-05 21:10:06 | WARNING  | ⚠️  Rate limit/CAPTCHA detected | Rotating IP...
2026-04-05 21:10:06 | INFO     | 🔄 NEWNYM signal sent | Old IP: unknown
2026-04-05 21:10:06 | INFO     | ⏳ Waiting 10s for new circuit...
2026-04-05 21:10:17 | INFO     | ✓ Circuit rebuilt | New IP: verifying...
2026-04-05 21:10:18 | WARNING  | ⚠️  Rate limit/CAPTCHA detected | Rotating IP...
2026-04-05 21:10:19 | INFO     | 🔄 NEWNYM signal sent | Old IP: unknown
2026-04-05 21:10:19 | INFO     | ⏳ Waiting 10s for new circuit...
2026-04-05 21:10:30 | INFO     | ✓ Circuit rebuilt | New IP: verifying...
2026-04-05 21:10:31 | WARNING  | ⚠️  Rate limit/CAPTCHA detected | Rotating IP...
2026-04-05 21:10:31 | INFO     | 🔄 NEWNYM signal sent | Old IP: unknown
2026-04-05 21:10:31 | INFO     | ⏳ Waiting 10s for new circuit...
2026-04-05 21:10:42 | INFO     | ✓ Circuit rebuilt | New IP: verifying...
2026-04-05 21:10:42 | ERROR    | ✗ All retries exhausted for https://www.google.com/search?q=what%20is%20schufa%20selbstauskunft%20...
2026-04-05 21:10:42 | WARNING  | ✗ Search failed for 'what is schufa selbstauskunft'
2026-04-05 21:11:22 | INFO     | 🔄 [2/140] 'schufa berlin' | Signals: 0 | Rate: 0.0/min
2026-04-05 21:11:23 | WARNING  | ⚠️  Rate limit/CAPTCHA detected | Rotating IP...
2026-04-05 21:11:24 | INFO     | 🔄 NEWNYM signal sent | Old IP: unknown
2026-04-05 21:11:24 | INFO     | ⏳ Waiting 10s for new circuit...
2026-04-05 21:11:35 | INFO     | ✓ Circuit rebuilt | New IP: verifying...
2026-04-05 21:11:35 | WARNING  | ⚠️  Rate limit/CAPTCHA detected | Rotating IP...
2026-04-05 21:11:36 | INFO     | 🔄 NEWNYM signal sent | Old IP: unknown
2026-04-05 21:11:36 | INFO     | ⏳ Waiting 10s for new circuit...
2026-04-05 21:11:47 | INFO     | ✓ Circuit rebuilt | New IP: verifying...
2026-04-05 21:11:47 | WARNING  | ⚠️  Rate limit/CAPTCHA detected | Rotating IP...
2026-04-05 21:11:48 | INFO     | 🔄 NEWNYM signal sent | Old IP: unknown
2026-04-05 21:11:48 | INFO     | ⏳ Waiting 10s for new circuit...
2026-04-05 21:11:59 | INFO     | ✓ Circuit rebuilt | New IP: verifying...
2026-04-05 21:11:59 | ERROR    | ✗ All retries exhausted for https://www.google.com/search?q=schufa%20berlin%20site%3Aquora.com&num...
2026-04-05 21:11:59 | WARNING  | ✗ Search failed for 'schufa berlin'
2026-04-05 21:12:31 | INFO     | 🔄 [3/140] 'schufa equivalent uk' | Signals: 0 | Rate: 0.0/min
2026-04-05 21:12:32 | WARNING  | ⚠️  Rate limit/CAPTCHA detected | Rotating IP...
2026-04-05 21:12:33 | INFO     | 🔄 NEWNYM signal sent | Old IP: unknown
2026-04-05 21:12:34 | INFO     | ⏳ Waiting 10s for new circuit...
2026-04-05 21:12:44 | INFO     | ✓ Circuit rebuilt | New IP: verifying...
2026-04-05 21:12:45 | WARNING  | ⚠️  Rate limit/CAPTCHA detected | Rotating IP...
2026-04-05 21:12:46 | INFO     | 🔄 NEWNYM signal sent | Old IP: unknown
2026-04-05 21:12:46 | INFO     | ⏳ Waiting 10s for new circuit...
2026-04-05 21:12:58 | INFO     | ✓ Circuit rebuilt | New IP: verifying...
2026-04-05 21:12:59 | WARNING  | ⚠️  Rate limit/CAPTCHA detected | Rotating IP...
2026-04-05 21:12:59 | INFO     | 🔄 NEWNYM signal sent | Old IP: unknown
2026-04-05 21:12:59 | INFO     | ⏳ Waiting 10s for new circuit...
2026-04-05 21:13:11 | INFO     | ✓ Circuit rebuilt | New IP: verifying...
2026-04-05 21:13:11 | ERROR    | ✗ All retries exhausted for https://www.google.com/search?q=schufa%20equivalent%20uk%20site%3Aquor...
2026-04-05 21:13:11 | WARNING  | ✗ Search failed for 'schufa equivalent uk'
2026-04-05 21:13:48 | INFO     | 🔄 [4/140] 'german credit score vs us for expats' | Signals: 0 | Rate: 0.0/min
2026-04-05 21:13:48 | WARNING  | ⚠️  Rate limit/CAPTCHA detected | Rotating IP...
2026-04-05 21:13:49 | INFO     | 🔄 NEWNYM signal sent | Old IP: unknown
2026-04-05 21:13:49 | INFO     | ⏳ Waiting 10s for new circuit...
2026-04-05 21:14:01 | INFO     | ✓ Circuit rebuilt | New IP: verifying...
2026-04-05 21:14:02 | WARNING  | ⚠️  Rate limit/CAPTCHA detected | Rotating IP...
2026-04-05 21:14:03 | INFO     | 🔄 NEWNYM signal sent | Old IP: unknown
2026-04-05 21:14:03 | INFO     | ⏳ Waiting 10s for new circuit...
2026-04-05 21:14:15 | INFO     | ✓ Circuit rebuilt | New IP: verifying...
2026-04-05 21:14:16 | WARNING  | ⚠️  Rate limit/CAPTCHA detected | Rotating IP...
2026-04-05 21:14:17 | INFO     | 🔄 NEWNYM signal sent | Old IP: unknown
2026-04-05 21:14:17 | INFO     | ⏳ Waiting 10s for new circuit...
2026-04-05 21:14:28 | INFO     | ✓ Circuit rebuilt | New IP: verifying...
2026-04-05 21:14:28 | ERROR    | ✗ All retries exhausted for https://www.google.com/search?q=german%20credit%20score%20vs%20us%20fo...
2026-04-05 21:14:28 | WARNING  | ✗ Search failed for 'german credit score vs us for expats'
2026-04-05 21:14:53 | INFO     | 🔄 [5/140] 'how to n26 schufa check' | Signals: 0 | Rate: 0.0/min
2026-04-05 21:14:54 | WARNING  | ⚠️  Rate limit/CAPTCHA detected | Rotating IP...
2026-04-05 21:14:54 | INFO     | 🔄 NEWNYM signal sent | Old IP: unknown
2026-04-05 21:14:54 | INFO     | ⏳ Waiting 10s for new circuit...
2026-04-05 21:15:05 | INFO     | ✓ Circuit rebuilt | New IP: verifying...
2026-04-05 21:15:05 | WARNING  | ⚠️  Rate limit/CAPTCHA detected | Rotating IP...
2026-04-05 21:15:06 | INFO     | 🔄 NEWNYM signal sent | Old IP: unknown
2026-04-05 21:15:06 | INFO     | ⏳ Waiting 10s for new circuit...
2026-04-05 21:15:17 | INFO     | ✓ Circuit rebuilt | New IP: verifying...
2026-04-05 21:15:18 | WARNING  | ⚠️  Rate limit/CAPTCHA detected | Rotating IP...
2026-04-05 21:15:19 | INFO     | 🔄 NEWNYM signal sent | Old IP: unknown
2026-04-05 21:15:19 | INFO     | ⏳ Waiting 10s for new circuit...
2026-04-05 21:15:29 | INFO     | ✓ Circuit rebuilt | New IP: verifying...
2026-04-05 21:15:29 | ERROR    | ✗ All retries exhausted for https://www.google.com/search?q=how%20to%20n26%20schufa%20check%20site...
2026-04-05 21:15:29 | WARNING  | ✗ Search failed for 'how to n26 schufa check'
2026-04-05 21:16:04 | INFO     | 🔄 [6/140] 'what is schufa köln' | Signals: 0 | Rate: 0.0/min
2026-04-05 21:16:05 | WARNING  | ⚠️  Rate limit/CAPTCHA detected | Rotating IP...
2026-04-05 21:16:06 | INFO     | 🔄 NEWNYM signal sent | Old IP: unknown
2026-04-05 21:16:06 | INFO     | ⏳ Waiting 10s for new circuit...
2026-04-05 21:16:09 | INFO     | ⚠️  Interrupt received. Shutting down...
2026-04-05 21:16:09 | INFO     | ✅ Complete | 0 signals in 6.1min
2026-04-05 21:16:09 | INFO     | 📁 Output: /Users/macgr/Downloads/expat_web/data/quora_signals_v6.jsonl
2026-04-05 21:16:10 | INFO     | 🔄 NEWNYM signal sent | Old IP: unknown
2026-04-05 21:16:10 | INFO     | ⏳ Waiting 10s for new circuit...
